# JRE version: OpenJDK Runtime Environment (13.0.1+9) (build 13.0.1+9)
# Java VM: OpenJDK 64-Bit Server VM (13.0.1+9, mixed mode, sharing, tiered, compressed oops, g1 gc, bsd-amd64)
Heap:
 garbage-first heap   total 118784K, used 74790K [0x0000000700000000, 0x0000000800000000)
  region size 1024K, 46 young (47104K), 6 survivors (6144K)
 Metaspace       used 64585K, capacity 66120K, committed 66312K, reserved 1105920K
  class space    used 8771K, capacity 9344K, committed 9472K, reserved 1048576K
GC Heap History (20 events):
Event: 5.326 GC heap before
{Heap before GC invocations=9 (full 0):
 garbage-first heap   total 55296K, used 40293K [0x0000000700000000, 0x0000000800000000)
  region size 1024K, 27 young (27648K), 4 survivors (4096K)
 Metaspace       used 28327K, capacity 29194K, committed 29360K, reserved 1075200K
  class space    used 3665K, capacity 4019K, committed 4096K, reserved 1048576K
}
Event: 5.340 GC heap after
{Heap after GC invocations=10 (full 0):
 garbage-first heap   total 158720K, used 18105K [0x0000000700000000, 0x0000000800000000)
  region size 1024K, 3 young (3072K), 3 survivors (3072K)
 Metaspace       used 28327K, capacity 29194K, committed 29360K, reserved 1075200K
  class space    used 3665K, capacity 4019K, committed 4096K, reserved 1048576K
}
Event: 6.230 GC heap before
{Heap before GC invocations=10 (full 0):
 garbage-first heap   total 158720K, used 59065K [0x0000000700000000, 0x0000000800000000)
  region size 1024K, 44 young (45056K), 3 survivors (3072K)
 Metaspace       used 34751K, capacity 35601K, committed 35920K, reserved 1081344K
  class space    used 4668K, capacity 5000K, committed 5120K, reserved 1048576K
}
Event: 6.240 GC heap after
{Heap after GC invocations=11 (full 0):
 garbage-first heap   total 158720K, used 20349K [0x0000000700000000, 0x0000000800000000)
  region size 1024K, 6 young (6144K), 6 survivors (6144K)
 Metaspace       used 34751K, capacity 35601K, committed 35920K, reserved 1081344K
  class space    used 4668K, capacity 5000K, committed 5120K, reserved 1048576K
}
Event: 7.036 GC heap before
{Heap before GC invocations=12 (full 0):
 garbage-first heap   total 81920K, used 63357K [0x0000000700000000, 0x0000000800000000)
  region size 1024K, 48 young (49152K), 6 survivors (6144K)
 Metaspace       used 43313K, capacity 44225K, committed 44880K, reserved 1087488K
  class space    used 5675K, capacity 6039K, committed 6144K, reserved 1048576K
}
Event: 7.053 GC heap after
{Heap after GC invocations=13 (full 0):
 garbage-first heap   total 81920K, used 22907K [0x0000000700000000, 0x0000000800000000)
  region size 1024K, 5 young (5120K), 5 survivors (5120K)
 Metaspace       used 43313K, capacity 44225K, committed 44880K, reserved 1087488K
  class space    used 5675K, capacity 6039K, committed 6144K, reserved 1048576K
}
Event: 7.726 GC heap before
{Heap before GC invocations=13 (full 0):
 garbage-first heap   total 81920K, used 58747K [0x0000000700000000, 0x0000000800000000)
  region size 1024K, 40 young (40960K), 5 survivors (5120K)
 Metaspace       used 48889K, capacity 49793K, committed 50384K, reserved 1093632K
  class space    used 6538K, capacity 6907K, committed 7040K, reserved 1048576K
}
Event: 7.738 GC heap after
{Heap after GC invocations=14 (full 0):
 garbage-first heap   total 81920K, used 23875K [0x0000000700000000, 0x0000000800000000)
  region size 1024K, 4 young (4096K), 4 survivors (4096K)
 Metaspace       used 48889K, capacity 49793K, committed 50384K, reserved 1093632K
  class space    used 6538K, capacity 6907K, committed 7040K, reserved 1048576K
}
Event: 8.322 GC heap before
{Heap before GC invocations=14 (full 0):
 garbage-first heap   total 81920K, used 60739K [0x0000000700000000, 0x0000000800000000)
  region size 1024K, 40 young (40960K), 4 survivors (4096K)
 Metaspace       used 52535K, capacity 53669K, committed 53968K, reserved 1095680K
  class space    used 7009K, capacity 7451K, committed 7552K, reserved 1048576K
}
Event: 8.335 GC heap after
{Heap after GC invocations=15 (full 0):
 garbage-first heap   total 98304K, used 25273K [0x0000000700000000, 0x0000000800000000)
  region size 1024K, 3 young (3072K), 3 survivors (3072K)
 Metaspace       used 52535K, capacity 53669K, committed 53968K, reserved 1095680K
  class space    used 7009K, capacity 7451K, committed 7552K, reserved 1048576K
}
Event: 8.965 GC heap before
{Heap before GC invocations=15 (full 0):
 garbage-first heap   total 98304K, used 69305K [0x0000000700000000, 0x0000000800000000)
  region size 1024K, 46 young (47104K), 3 survivors (3072K)
 Metaspace       used 54726K, capacity 55927K, committed 56272K, reserved 1097728K
  class space    used 7283K, capacity 7732K, committed 7808K, reserved 1048576K
}
Event: 8.977 GC heap after
{Heap after GC invocations=16 (full 0):
 garbage-first heap   total 98304K, used 27200K [0x0000000700000000, 0x0000000800000000)
  region size 1024K, 5 young (5120K), 5 survivors (5120K)
 Metaspace       used 54726K, capacity 55927K, committed 56272K, reserved 1097728K
  class space    used 7283K, capacity 7732K, committed 7808K, reserved 1048576K
}
Event: 9.555 GC heap before
{Heap before GC invocations=16 (full 0):
 garbage-first heap   total 98304K, used 71232K [0x0000000700000000, 0x0000000800000000)
  region size 1024K, 48 young (49152K), 5 survivors (5120K)
 Metaspace       used 57442K, capacity 58673K, committed 59088K, reserved 1099776K
  class space    used 7718K, capacity 8193K, committed 8320K, reserved 1048576K
}
Event: 9.569 GC heap after
{Heap after GC invocations=17 (full 0):
 garbage-first heap   total 98304K, used 28747K [0x0000000700000000, 0x0000000800000000)
  region size 1024K, 4 young (4096K), 4 survivors (4096K)
 Metaspace       used 57442K, capacity 58673K, committed 59088K, reserved 1099776K
  class space    used 7718K, capacity 8193K, committed 8320K, reserved 1048576K
}
Event: 10.054 GC heap before
{Heap before GC invocations=17 (full 0):
 garbage-first heap   total 98304K, used 72779K [0x0000000700000000, 0x0000000800000000)
  region size 1024K, 47 young (48128K), 4 survivors (4096K)
 Metaspace       used 58534K, capacity 59835K, committed 59984K, reserved 1101824K
  class space    used 7903K, capacity 8408K, committed 8448K, reserved 1048576K
}
Event: 10.067 GC heap after
{Heap after GC invocations=18 (full 0):
 garbage-first heap   total 98304K, used 31322K [0x0000000700000000, 0x0000000800000000)
  region size 1024K, 4 young (4096K), 4 survivors (4096K)
 Metaspace       used 58534K, capacity 59835K, committed 59984K, reserved 1101824K
  class space    used 7903K, capacity 8408K, committed 8448K, reserved 1048576K
}
Event: 10.282 GC heap before
{Heap before GC invocations=18 (full 0):
 garbage-first heap   total 98304K, used 44634K [0x0000000700000000, 0x0000000800000000)
  region size 1024K, 18 young (18432K), 4 survivors (4096K)
 Metaspace       used 58820K, capacity 60104K, committed 60296K, reserved 1101824K
  class space    used 7941K, capacity 8456K, committed 8576K, reserved 1048576K
}
Event: 10.294 GC heap after
{Heap after GC invocations=19 (full 0):
 garbage-first heap   total 118784K, used 32172K [0x0000000700000000, 0x0000000800000000)
  region size 1024K, 3 young (3072K), 3 survivors (3072K)
 Metaspace       used 58820K, capacity 60104K, committed 60296K, reserved 1101824K
  class space    used 7941K, capacity 8456K, committed 8576K, reserved 1048576K
}
Event: 10.761 GC heap before
{Heap before GC invocations=20 (full 0):
 garbage-first heap   total 118784K, used 73132K [0x0000000700000000, 0x0000000800000000)
  region size 1024K, 43 young (44032K), 3 survivors (3072K)
 Metaspace       used 59569K, capacity 60955K, committed 61192K, reserved 1101824K
  class space    used 8070K, capacity 8608K, committed 8704K, reserved 1048576K
}
Event: 10.777 GC heap after
{Heap after GC invocations=21 (full 0):
 garbage-first heap   total 118784K, used 34854K [0x0000000700000000, 0x0000000800000000)
  region size 1024K, 6 young (6144K), 6 survivors (6144K)
 Metaspace       used 59569K, capacity 60955K, committed 61192K, reserved 1101824K
  class space    used 8070K, capacity 8608K, committed 8704K, reserved 1048576K
}

